Thu May 11 12:23:44 CEST 2017 : Server di rete Apache Derby: 10.11.1.2 - (1629631) avviato e pronto ad accettare connessioni sulla porta 1527
----------------------------------------------------------------
Thu May 11 12:23:44 CEST 2017:
Avvio della versione di Derby The Apache Software Foundation - Apache Derby - 10.11.1.2 - (1629631): istanza a816c00e-015b-f709-2875-fffff2041637
sulla directory di database C:\Users\en26062\Desktop\AMM\Progetto_AMM\Progetto_AMM\web\DB\ammdb con caricatore classi sun.misc.Launcher$AppClassLoader@6f94fa3e 
Caricato da file:/C:/Program%20Files/Java/jdk1.8.0_121/db/lib/derby.jar
java.vendor=Oracle Corporation
java.runtime.version=1.8.0_121-b13
user.dir=C:\Program Files\Java\jdk1.8.0_121\db
os.name=Windows 7
os.arch=amd64
os.version=6.1
derby.system.home=C:\Users\en26062\Desktop\AMM\Progetto_AMM\Progetto_AMM\web\DB
Programma di caricamento classe database avviato - derby.database.classpath=''
----------------------------------------------------------------
Thu May 11 12:23:56 CEST 2017:
Arresto dell'istanza a816c00e-015b-f709-2875-fffff2041637 nella directory del database C:\Users\en26062\Desktop\AMM\Progetto_AMM\Progetto_AMM\web\DB\ammdb con il caricatore di classi sun.misc.Launcher$AppClassLoader@6f94fa3e 
Thu May 11 12:23:56 CEST 2017 Thread[DRDAConnThread_3,5,main] (DATABASE = ammdb), (DRDAID = {2}), Chiusura del database 'ammdb'.
----------------------------------------------------------------
Thu May 11 12:24:14 CEST 2017:
Avvio della versione di Derby The Apache Software Foundation - Apache Derby - 10.11.1.2 - (1629631): istanza a65c80ac-015b-f709-2875-fffff2041637
sulla directory di database C:\Users\en26062\Desktop\AMM\Progetto_AMM\Progetto_AMM\web\DB\ammdb con caricatore classi sun.misc.Launcher$AppClassLoader@6f94fa3e 
Caricato da file:/C:/Program%20Files/Java/jdk1.8.0_121/db/lib/derby.jar
java.vendor=Oracle Corporation
java.runtime.version=1.8.0_121-b13
user.dir=C:\Program Files\Java\jdk1.8.0_121\db
os.name=Windows 7
os.arch=amd64
os.version=6.1
derby.system.home=C:\Users\en26062\Desktop\AMM\Progetto_AMM\Progetto_AMM\web\DB
Programma di caricamento classe database avviato - derby.database.classpath=''
