Tue May 23 09:41:36 CEST 2017 : Server di rete Apache Derby: 10.11.1.2 - (1629631) avviato e pronto ad accettare connessioni sulla porta 1527
----------------------------------------------------------------
Tue May 23 09:41:37 CEST 2017:
Avvio della versione di Derby The Apache Software Foundation - Apache Derby - 10.11.1.2 - (1629631): istanza a816c00e-015c-3441-0917-ffffde06c3eb
sulla directory di database C:\Users\en26062\Desktop\AMM\Progetto_AMM\Progetto_AMM\web\WEB-INF\db\ammdb con caricatore classi sun.misc.Launcher$AppClassLoader@6f94fa3e 
Caricato da file:/C:/Program%20Files/Java/jdk1.8.0_121/db/lib/derby.jar
java.vendor=Oracle Corporation
java.runtime.version=1.8.0_121-b13
user.dir=C:\Program Files\Java\jdk1.8.0_121\db
os.name=Windows 7
os.arch=amd64
os.version=6.1
derby.system.home=C:\Users\en26062\Desktop\AMM\Progetto_AMM\Progetto_AMM\web\WEB-INF\db
Programma di caricamento classe database avviato - derby.database.classpath=''
----------------------------------------------------------------
Tue May 23 09:41:47 CEST 2017:
Arresto dell'istanza a816c00e-015c-3441-0917-ffffde06c3eb nella directory del database C:\Users\en26062\Desktop\AMM\Progetto_AMM\Progetto_AMM\web\WEB-INF\db\ammdb con il caricatore di classi sun.misc.Launcher$AppClassLoader@6f94fa3e 
Tue May 23 09:41:47 CEST 2017 Thread[DRDAConnThread_2,5,main] (DATABASE = ammdb), (DRDAID = {2}), Chiusura del database 'ammdb'.
----------------------------------------------------------------
Tue May 23 09:42:10 CEST 2017:
Avvio della versione di Derby The Apache Software Foundation - Apache Derby - 10.11.1.2 - (1629631): istanza a65c80ac-015c-3441-0917-ffffde06c3eb
sulla directory di database C:\Users\en26062\Desktop\AMM\Progetto_AMM\Progetto_AMM\web\WEB-INF\db\ammdb con caricatore classi sun.misc.Launcher$AppClassLoader@6f94fa3e 
Caricato da file:/C:/Program%20Files/Java/jdk1.8.0_121/db/lib/derby.jar
java.vendor=Oracle Corporation
java.runtime.version=1.8.0_121-b13
user.dir=C:\Program Files\Java\jdk1.8.0_121\db
os.name=Windows 7
os.arch=amd64
os.version=6.1
derby.system.home=C:\Users\en26062\Desktop\AMM\Progetto_AMM\Progetto_AMM\web\WEB-INF\db
Programma di caricamento classe database avviato - derby.database.classpath=''
